2025-05-05 12:48:01 - DECISION: accept, JOB_ID: test, TITLE: test
2025-05-05 12:48:21 - DECISION: accept, JOB_ID: test, TITLE: test
2025-05-05 13:47:08 - DECISION: reject, JOB_ID: test
2025-05-05 13:47:14 - DECISION: reject, JOB_ID: test
2025-05-05 13:48:44 - DECISION: accept, JOB_ID: test
2025-05-05 13:48:56 - DECISION: accept, JOB_ID: test
2025-05-05 13:49:09 - DECISION: accept, JOB_ID: test
2025-05-06 14:30:04 - DECISION: reject, JOB_ID: 1
2025-05-06 14:34:04 - DECISION: reject, JOB_ID: 1
2025-05-06 14:34:21 - DECISION: reject, JOB_ID: 1
2025-05-06 14:34:24 - DECISION: accept, JOB_ID: 1
2025-05-06 14:34:27 - DECISION: accept, JOB_ID: 1
2025-05-06 14:34:45 - DECISION: accept, JOB_ID: 1
2025-05-06 15:47:20 - DECISION: reject, JOB_ID: 1
2025-05-06 19:30:18 - DECISION: reject, JOB_ID: 1
2025-05-06 19:46:26 - DECISION: reject, JOB_ID: 1
2025-05-06 19:49:29 - DECISION: reject, JOB_ID: 1
2025-05-06 19:50:02 - DECISION: accept, JOB_ID: 1
2025-05-06 20:07:15 - DECISION: reject, JOB_ID: 1
2025-05-06 20:21:09 - DECISION: reject, JOB_ID: 1
2025-05-06 20:21:31 - DECISION: reject, JOB_ID: 1
2025-05-06 20:22:30 - DECISION: reject, JOB_ID: 1
2025-05-06 20:24:18 - DECISION: reject, JOB_ID: 1
2025-05-06 20:24:48 - DECISION: reject, JOB_ID: 1
2025-05-06 20:26:17 - DECISION: reject, JOB_ID: 1
2025-05-06 20:26:40 - DECISION: reject, JOB_ID: 1
2025-05-06 20:27:03 - DECISION: reject, JOB_ID: 1
2025-05-06 20:27:05 - DECISION: reject, JOB_ID: 1
2025-05-06 20:27:47 - DECISION: reject, JOB_ID: 1
2025-05-06 20:37:04 - DECISION: reject, JOB_ID: 1
2025-05-06 20:38:51 - DECISION: reject, JOB_ID: 1
2025-05-06 20:39:23 - DECISION: reject, JOB_ID: 1
2025-05-06 20:39:25 - DECISION: reject, JOB_ID: 1
2025-05-06 20:41:04 - DECISION: reject, JOB_ID: 1
2025-05-06 20:41:17 - DECISION: reject, JOB_ID: 1
2025-05-06 20:41:40 - DECISION: reject, JOB_ID: 1
2025-05-06 20:41:56 - DECISION: reject, JOB_ID: 1
2025-05-06 20:41:59 - DECISION: reject, JOB_ID: 1
2025-05-06 20:42:02 - DECISION: reject, JOB_ID: 1
2025-05-06 20:42:06 - DECISION: reject, JOB_ID: 1
2025-05-06 20:45:27 - DECISION: reject, JOB_ID: 1
2025-05-06 20:46:40 - DECISION: reject, JOB_ID: 1
2025-05-06 20:47:21 - DECISION: reject, JOB_ID: 1
2025-05-06 20:47:57 - DECISION: reject, JOB_ID: 1
2025-05-06 20:48:54 - DECISION: reject, JOB_ID: 1
2025-05-06 22:42:06 - DECISION: reject, JOB_ID: 1
2025-05-06 22:44:07 - DECISION: reject, JOB_ID: 1
2025-05-06 22:45:42 - DECISION: accept, JOB_ID: 1
2025-05-06 22:45:48 - DECISION: reject, JOB_ID: 1
2025-05-06 22:46:32 - DECISION: reject, JOB_ID: 1
2025-05-06 22:46:35 - DECISION: reject, JOB_ID: 1
2025-05-06 22:48:33 - DECISION: reject, JOB_ID: 1
2025-05-06 22:49:19 - DECISION: accept, JOB_ID: 1
2025-05-06 22:49:36 - DECISION: reject, JOB_ID: 1
2025-05-06 22:49:40 - DECISION: reject, JOB_ID: 1
2025-05-06 22:49:45 - DECISION: reject, JOB_ID: 1
2025-05-06 22:50:17 - DECISION: reject, JOB_ID: 1
2025-05-06 22:50:18 - DECISION: reject, JOB_ID: 1
2025-05-06 22:50:31 - DECISION: reject, JOB_ID: 1
2025-05-06 22:50:33 - DECISION: reject, JOB_ID: 1
2025-05-06 22:50:34 - DECISION: reject, JOB_ID: 1
2025-05-06 22:57:36 - DECISION: reject, JOB_ID: 1
2025-05-06 23:15:07 - DECISION: reject, JOB_ID: 1
2025-05-06 23:15:16 - DECISION: accept, JOB_ID: 1
2025-05-06 23:15:25 - DECISION: reject, JOB_ID: 1
2025-05-06 23:15:45 - DECISION: reject, JOB_ID: 1
2025-05-06 23:16:28 - DECISION: reject, JOB_ID: 1
2025-05-06 23:16:37 - DECISION: reject, JOB_ID: 1
2025-05-06 23:16:40 - DECISION: reject, JOB_ID: 1
2025-05-06 23:25:45 - DECISION: reject, JOB_ID: 1
2025-05-06 23:26:10 - DECISION: accept, JOB_ID: 1
2025-05-06 23:34:39 - DECISION: reject, JOB_ID: 1
2025-05-06 23:34:51 - DECISION: accept, JOB_ID: 1
2025-05-06 23:34:52 - DECISION: reject, JOB_ID: 1
2025-05-06 23:35:03 - DECISION: reject, JOB_ID: 1
2025-05-06 23:35:16 - DECISION: reject, JOB_ID: 1
2025-05-06 23:40:59 - DECISION: accept, JOB_ID: 1
2025-05-06 23:41:18 - DECISION: reject, JOB_ID: 1
2025-05-06 23:41:35 - DECISION: reject, JOB_ID: 1
2025-05-06 23:41:48 - DECISION: accept, JOB_ID: 1
2025-05-06 23:41:55 - DECISION: accept, JOB_ID: 1
2025-05-06 23:45:18 - DECISION: accept, JOB_ID: 1
2025-05-06 23:45:20 - DECISION: reject, JOB_ID: 1
2025-05-06 23:45:27 - DECISION: reject, JOB_ID: 1
2025-05-06 23:45:51 - DECISION: reject, JOB_ID: 1
2025-05-06 23:49:01 - DECISION: accept, JOB_ID: 1
2025-05-06 23:49:46 - DECISION: accept, JOB_ID: 1
2025-05-06 23:51:18 - DECISION: accept, JOB_ID: 1
2025-05-06 23:51:22 - DECISION: reject, JOB_ID: 1
2025-05-06 23:51:39 - DECISION: reject, JOB_ID: 1
2025-05-06 23:51:47 - DECISION: reject, JOB_ID: 1
2025-05-06 23:51:51 - DECISION: reject, JOB_ID: 1
2025-05-06 23:51:56 - DECISION: reject, JOB_ID: 1
2025-05-06 23:52:14 - DECISION: reject, JOB_ID: 1
2025-05-06 23:53:26 - DECISION: accept, JOB_ID: 1
2025-05-06 23:53:27 - DECISION: reject, JOB_ID: 1
2025-05-06 23:53:31 - DECISION: reject, JOB_ID: 1
2025-05-06 23:53:41 - DECISION: reject, JOB_ID: 1
2025-05-06 23:53:53 - DECISION: reject, JOB_ID: 1
2025-05-06 23:54:15 - DECISION: reject, JOB_ID: 1
2025-05-06 23:54:58 - DECISION: reject, JOB_ID: 1
2025-05-06 23:55:14 - DECISION: reject, JOB_ID: 1
2025-05-06 23:55:17 - DECISION: reject, JOB_ID: 1
2025-05-06 23:55:37 - DECISION: reject, JOB_ID: 1
2025-05-06 23:55:46 - DECISION: accept, JOB_ID: 1
2025-05-06 23:55:55 - DECISION: reject, JOB_ID: 1
2025-05-06 23:56:14 - DECISION: reject, JOB_ID: 1
2025-05-06 23:56:23 - DECISION: accept, JOB_ID: 1
2025-05-06 23:56:53 - DECISION: reject, JOB_ID: 1
2025-05-06 23:57:08 - DECISION: accept, JOB_ID: 1
2025-05-06 23:57:28 - DECISION: accept, JOB_ID: 1
2025-05-06 23:57:42 - DECISION: accept, JOB_ID: 1
2025-05-06 23:58:18 - DECISION: accept, JOB_ID: 1
2025-05-07 00:01:10 - DECISION: reject, JOB_ID: 1
2025-05-07 00:01:14 - DECISION: reject, JOB_ID: 1
2025-05-07 00:01:37 - DECISION: reject, JOB_ID: 1
2025-05-07 00:01:57 - DECISION: reject, JOB_ID: 1
2025-05-07 00:02:14 - DECISION: accept, JOB_ID: 1
2025-05-07 00:02:28 - DECISION: reject, JOB_ID: 1
2025-05-07 00:02:35 - DECISION: reject, JOB_ID: 1
2025-05-07 00:02:59 - DECISION: reject, JOB_ID: 1
2025-05-07 00:03:11 - DECISION: accept, JOB_ID: 1
2025-05-07 00:03:22 - DECISION: reject, JOB_ID: 1
2025-05-07 00:03:29 - DECISION: reject, JOB_ID: 1
2025-05-07 00:03:42 - DECISION: accept, JOB_ID: 1
2025-05-07 00:03:54 - DECISION: reject, JOB_ID: 1
2025-05-07 00:04:01 - DECISION: reject, JOB_ID: 1
2025-05-07 00:04:03 - DECISION: reject, JOB_ID: 1
2025-05-07 00:04:05 - DECISION: reject, JOB_ID: 1
2025-05-07 00:04:54 - DECISION: reject, JOB_ID: 1
2025-05-07 00:05:11 - DECISION: reject, JOB_ID: 1
2025-05-07 00:05:23 - DECISION: reject, JOB_ID: 1
2025-05-07 00:09:12 - DECISION: reject, JOB_ID: 1
2025-05-07 00:09:22 - DECISION: reject, JOB_ID: 1
2025-05-07 00:09:24 - DECISION: reject, JOB_ID: 1
2025-05-07 00:09:49 - DECISION: accept, JOB_ID: 1
2025-05-07 00:09:55 - DECISION: accept, JOB_ID: 1
2025-05-07 00:10:03 - DECISION: reject, JOB_ID: 1
2025-05-07 00:10:11 - DECISION: reject, JOB_ID: 1
2025-05-07 00:11:08 - DECISION: accept, JOB_ID: 1
2025-05-07 00:11:15 - DECISION: accept, JOB_ID: 1
2025-05-07 00:11:21 - DECISION: accept, JOB_ID: 1
2025-05-07 00:11:42 - DECISION: accept, JOB_ID: 1
2025-05-07 00:11:48 - DECISION: accept, JOB_ID: 1
2025-05-07 00:12:09 - DECISION: reject, JOB_ID: 1
2025-05-07 00:12:15 - DECISION: reject, JOB_ID: 1
2025-05-07 00:13:31 - DECISION: accept, JOB_ID: 1
2025-05-07 00:13:36 - DECISION: reject, JOB_ID: 1
2025-05-07 00:13:46 - DECISION: accept, JOB_ID: 1
2025-05-07 00:15:39 - DECISION: reject, JOB_ID: 1
2025-05-07 00:17:31 - DECISION: reject, JOB_ID: 1
2025-05-07 00:17:46 - DECISION: reject, JOB_ID: 1
2025-05-07 00:17:56 - DECISION: reject, JOB_ID: 1
2025-05-07 00:18:10 - DECISION: reject, JOB_ID: 1
2025-05-07 00:18:14 - DECISION: reject, JOB_ID: 1
2025-05-07 00:18:15 - DECISION: reject, JOB_ID: 1
2025-05-07 00:18:34 - DECISION: reject, JOB_ID: 1
2025-05-07 00:18:43 - DECISION: reject, JOB_ID: 1
2025-05-07 00:18:51 - DECISION: reject, JOB_ID: 1
2025-05-07 00:19:31 - DECISION: accept, JOB_ID: 1
2025-05-07 00:19:41 - DECISION: reject, JOB_ID: 1
2025-05-07 00:19:49 - DECISION: reject, JOB_ID: 1
2025-05-07 00:19:55 - DECISION: reject, JOB_ID: 1
2025-05-07 00:19:59 - DECISION: reject, JOB_ID: 1
2025-05-07 00:20:02 - DECISION: reject, JOB_ID: 1
2025-05-07 00:22:12 - DECISION: reject, JOB_ID: 1
2025-05-07 00:22:36 - DECISION: accept, JOB_ID: 1
2025-05-07 00:22:39 - DECISION: reject, JOB_ID: 1
2025-05-07 00:22:51 - DECISION: accept, JOB_ID: 1
2025-05-07 00:23:00 - DECISION: reject, JOB_ID: 1
2025-05-07 00:23:37 - DECISION: accept, JOB_ID: 1
2025-05-07 00:24:59 - DECISION: reject, JOB_ID: 1
2025-05-07 00:25:02 - DECISION: reject, JOB_ID: 1
2025-05-07 00:25:07 - DECISION: reject, JOB_ID: 1
2025-05-07 00:25:25 - DECISION: accept, JOB_ID: 1
2025-05-07 00:25:31 - DECISION: reject, JOB_ID: 1
2025-05-07 00:25:46 - DECISION: reject, JOB_ID: 1
2025-05-07 00:26:27 - DECISION: accept, JOB_ID: 1
2025-05-07 00:28:29 - DECISION: accept, JOB_ID: 1
2025-05-07 00:28:42 - DECISION: accept, JOB_ID: 1
2025-05-07 00:28:52 - DECISION: reject, JOB_ID: 1
2025-05-07 00:28:57 - DECISION: reject, JOB_ID: 1
2025-05-07 00:29:16 - DECISION: reject, JOB_ID: 1
2025-05-07 00:29:19 - DECISION: reject, JOB_ID: 1
2025-05-07 00:29:43 - DECISION: accept, JOB_ID: 1
2025-05-07 00:29:56 - DECISION: reject, JOB_ID: 1
2025-05-07 00:34:59 - DECISION: reject, JOB_ID: 1
2025-05-07 00:35:04 - DECISION: reject, JOB_ID: 1
2025-05-07 00:35:08 - DECISION: reject, JOB_ID: 1
2025-05-07 00:37:56 - DECISION: accept, JOB_ID: 1
2025-05-07 00:38:00 - DECISION: reject, JOB_ID: 1
2025-05-07 00:38:01 - DECISION: reject, JOB_ID: 1
2025-05-07 00:38:05 - DECISION: reject, JOB_ID: 1
2025-05-07 00:38:07 - DECISION: reject, JOB_ID: 1
2025-05-07 00:38:09 - DECISION: reject, JOB_ID: 1
2025-05-07 00:38:12 - DECISION: reject, JOB_ID: 1
2025-05-07 00:38:19 - DECISION: accept, JOB_ID: 1
2025-05-07 00:38:31 - DECISION: accept, JOB_ID: 1
2025-05-07 00:38:46 - DECISION: accept, JOB_ID: 1
2025-05-07 00:38:52 - DECISION: accept, JOB_ID: 1
2025-05-07 00:39:07 - DECISION: accept, JOB_ID: 1
2025-05-07 00:39:20 - DECISION: accept, JOB_ID: 1
2025-05-07 00:39:39 - DECISION: accept, JOB_ID: 1
2025-05-07 00:39:41 - DECISION: reject, JOB_ID: 1
2025-05-07 00:39:50 - DECISION: reject, JOB_ID: 1
2025-05-07 00:40:06 - DECISION: accept, JOB_ID: 1
2025-05-07 00:42:59 - DECISION: reject, JOB_ID: 1
2025-05-07 00:43:13 - DECISION: accept, JOB_ID: 1
2025-05-07 00:43:22 - DECISION: reject, JOB_ID: 1
2025-05-07 00:43:37 - DECISION: accept, JOB_ID: 1
2025-05-07 00:43:43 - DECISION: reject, JOB_ID: 1
2025-05-07 00:43:55 - DECISION: reject, JOB_ID: 1
2025-05-07 00:44:08 - DECISION: reject, JOB_ID: 1
2025-05-07 00:44:23 - DECISION: accept, JOB_ID: 1
2025-05-07 00:44:32 - DECISION: accept, JOB_ID: 1
2025-05-07 00:45:01 - DECISION: reject, JOB_ID: 1
2025-05-07 00:45:09 - DECISION: accept, JOB_ID: 1
2025-05-07 00:45:22 - DECISION: reject, JOB_ID: 1
2025-05-07 00:45:28 - DECISION: accept, JOB_ID: 1
2025-05-07 00:45:30 - DECISION: reject, JOB_ID: 1
2025-05-07 00:45:34 - DECISION: reject, JOB_ID: 1
2025-05-07 00:45:39 - DECISION: reject, JOB_ID: 1
2025-05-07 00:45:46 - DECISION: reject, JOB_ID: 1
2025-05-07 00:45:49 - DECISION: accept, JOB_ID: 1
2025-05-07 00:45:55 - DECISION: reject, JOB_ID: 1
2025-05-07 00:45:58 - DECISION: accept, JOB_ID: 1
2025-05-07 00:46:04 - DECISION: accept, JOB_ID: 1
2025-05-07 00:46:07 - DECISION: accept, JOB_ID: 1
2025-05-07 00:46:17 - DECISION: accept, JOB_ID: 1
2025-05-07 00:46:19 - DECISION: reject, JOB_ID: 1
2025-05-07 00:46:20 - DECISION: reject, JOB_ID: 1
2025-05-07 00:46:29 - DECISION: reject, JOB_ID: 1
2025-05-07 10:03:43 - DECISION: reject, JOB_ID: 1
2025-05-07 10:05:50 - DECISION: reject, JOB_ID: 1
2025-05-07 10:06:02 - DECISION: accept, JOB_ID: 1
2025-05-07 10:06:23 - DECISION: reject, JOB_ID: 1
2025-05-07 10:06:25 - DECISION: reject, JOB_ID: 1
2025-05-07 10:06:27 - DECISION: reject, JOB_ID: 1
2025-05-07 10:16:26 - DECISION: reject, JOB_ID: 1
2025-05-07 10:19:11 - DECISION: reject, JOB_ID: 1
2025-05-07 10:19:19 - DECISION: accept, JOB_ID: 1
2025-05-07 10:19:32 - DECISION: reject, JOB_ID: 1
2025-05-07 10:19:41 - DECISION: reject, JOB_ID: 1
2025-05-07 10:20:51 - DECISION: reject, JOB_ID: 1
2025-05-07 10:22:24 - DECISION: reject, JOB_ID: 1
2025-05-07 10:22:38 - DECISION: accept, JOB_ID: 1
2025-05-07 10:23:02 - DECISION: reject, JOB_ID: 1
2025-05-07 10:23:03 - DECISION: reject, JOB_ID: 1
2025-05-07 10:23:12 - DECISION: reject, JOB_ID: 1
2025-05-07 10:23:29 - DECISION: reject, JOB_ID: 1
2025-05-07 10:23:39 - DECISION: reject, JOB_ID: 1
2025-05-07 10:24:12 - DECISION: accept, JOB_ID: 1
2025-05-07 10:24:15 - DECISION: accept, JOB_ID: 1
2025-05-07 10:24:23 - DECISION: reject, JOB_ID: 1
2025-05-07 10:24:37 - DECISION: accept, JOB_ID: 1
2025-05-07 10:24:47 - DECISION: reject, JOB_ID: 1
2025-05-07 10:25:53 - DECISION: reject, JOB_ID: 1
2025-05-07 10:25:58 - DECISION: reject, JOB_ID: 1
2025-05-07 10:26:03 - DECISION: reject, JOB_ID: 1
2025-05-07 10:26:13 - DECISION: accept, JOB_ID: 1
2025-05-07 10:26:18 - DECISION: reject, JOB_ID: 1
2025-05-07 10:26:24 - DECISION: reject, JOB_ID: 1
2025-05-07 10:26:31 - DECISION: reject, JOB_ID: 1
2025-05-07 10:26:38 - DECISION: accept, JOB_ID: 1
2025-05-07 10:26:45 - DECISION: reject, JOB_ID: 1
2025-05-07 10:26:52 - DECISION: accept, JOB_ID: 1
2025-05-07 10:26:56 - DECISION: accept, JOB_ID: 1
2025-05-07 10:27:02 - DECISION: accept, JOB_ID: 1
2025-05-07 10:27:09 - DECISION: accept, JOB_ID: 1
2025-05-07 10:27:16 - DECISION: reject, JOB_ID: 1
2025-05-07 10:27:23 - DECISION: accept, JOB_ID: 1
2025-05-07 10:27:26 - DECISION: reject, JOB_ID: 1
2025-05-07 10:27:28 - DECISION: reject, JOB_ID: 1
2025-05-07 10:33:52 - DECISION: reject, JOB_ID: 1
2025-05-07 10:33:58 - DECISION: reject, JOB_ID: 1
2025-05-07 10:35:23 - DECISION: reject, JOB_ID: 1
2025-05-07 10:35:28 - DECISION: reject, JOB_ID: 1
2025-05-07 10:35:32 - DECISION: reject, JOB_ID: 1
2025-05-07 10:35:42 - DECISION: reject, JOB_ID: 1
2025-05-07 10:35:46 - DECISION: reject, JOB_ID: 1
2025-05-07 10:36:03 - DECISION: reject, JOB_ID: 1
2025-05-07 10:36:05 - DECISION: reject, JOB_ID: 1
2025-05-07 10:36:10 - DECISION: accept, JOB_ID: 1
2025-05-07 10:36:13 - DECISION: reject, JOB_ID: 1
2025-05-07 10:36:19 - DECISION: accept, JOB_ID: 1
2025-05-07 10:36:25 - DECISION: reject, JOB_ID: 1
2025-05-07 10:36:29 - DECISION: accept, JOB_ID: 1
2025-05-07 10:36:40 - DECISION: accept, JOB_ID: 1
2025-05-07 10:40:19 - DECISION: reject, JOB_ID: 1
2025-05-07 10:41:14 - DECISION: reject, JOB_ID: 1
2025-05-07 10:41:19 - DECISION: reject, JOB_ID: 1
2025-05-07 10:41:24 - DECISION: reject, JOB_ID: 1
2025-05-07 10:41:29 - DECISION: reject, JOB_ID: 1
2025-05-07 10:41:33 - DECISION: accept, JOB_ID: 1
2025-05-07 10:41:40 - DECISION: accept, JOB_ID: 1
2025-05-07 10:41:56 - DECISION: reject, JOB_ID: 1
2025-05-07 10:44:06 - DECISION: reject, JOB_ID: 1
2025-05-07 10:44:13 - DECISION: reject, JOB_ID: 1
2025-05-07 10:44:17 - DECISION: reject, JOB_ID: 1
2025-05-07 10:49:10 - DECISION: reject, JOB_ID: 1
2025-05-07 10:49:21 - DECISION: accept, JOB_ID: 1
2025-05-07 10:49:26 - DECISION: reject, JOB_ID: 1
2025-05-07 10:49:33 - DECISION: reject, JOB_ID: 1
2025-05-07 10:49:49 - DECISION: reject, JOB_ID: 1
2025-05-07 10:49:52 - DECISION: reject, JOB_ID: 1
2025-05-07 10:49:55 - DECISION: accept, JOB_ID: 1
2025-05-07 10:50:03 - DECISION: reject, JOB_ID: 1
2025-05-07 10:50:14 - DECISION: accept, JOB_ID: 1
2025-05-07 10:50:20 - DECISION: reject, JOB_ID: 1
2025-05-07 10:50:23 - DECISION: reject, JOB_ID: 1
2025-05-07 10:50:31 - DECISION: reject, JOB_ID: 1
2025-05-07 10:50:36 - DECISION: reject, JOB_ID: 1
2025-05-07 10:50:42 - DECISION: reject, JOB_ID: 1
2025-05-07 10:54:04 - DECISION: reject, JOB_ID: 1
2025-05-07 10:54:22 - DECISION: reject, JOB_ID: 1
2025-05-07 10:54:32 - DECISION: reject, JOB_ID: 1
2025-05-07 10:54:44 - DECISION: reject, JOB_ID: 1
2025-05-07 10:54:54 - DECISION: reject, JOB_ID: 1
2025-05-07 10:54:57 - DECISION: reject, JOB_ID: 1
2025-05-07 10:55:08 - DECISION: reject, JOB_ID: 1
2025-05-07 10:55:29 - DECISION: accept, JOB_ID: 1
2025-05-07 10:55:45 - DECISION: reject, JOB_ID: 1
2025-05-07 10:55:58 - DECISION: reject, JOB_ID: 1
2025-05-07 10:56:13 - DECISION: reject, JOB_ID: 1
2025-05-07 10:57:51 - DECISION: reject, JOB_ID: 1
2025-05-07 10:57:59 - DECISION: reject, JOB_ID: 1
2025-05-07 10:59:04 - DECISION: reject, JOB_ID: Software Developer
2025-05-07 10:59:21 - DECISION: reject, JOB_ID: Software Developer, Vegas Feature
2025-05-07 10:59:39 - DECISION: accept, JOB_ID: Software Engineering Intern Simulation Framework
2025-05-07 10:59:45 - DECISION: reject, JOB_ID: Operations & PM Intern 4 Months
2025-05-07 10:59:53 - DECISION: reject, JOB_ID: Engineering assistant- Extension of the toolkit landscape for the calculation of electrical machines
2025-05-07 10:59:56 - DECISION: reject, JOB_ID: Radon Research Assistant
2025-05-07 11:00:13 - DECISION: reject, JOB_ID: System Verification Intern
2025-05-07 11:00:29 - DECISION: reject, JOB_ID: Data Analyst Intern
2025-05-07 11:00:53 - DECISION: reject, JOB_ID: Trades & Engineering Math Tutor
2025-05-07 11:01:01 - DECISION: reject, JOB_ID: QA Analyst Intern (8 months)
2025-05-07 12:21:11 - DECISION: reject, JOB_ID: 1
2025-05-07 12:21:18 - DECISION: reject, JOB_ID: 1
2025-05-07 12:21:23 - DECISION: reject, JOB_ID: 1
2025-05-07 12:21:29 - DECISION: accept, JOB_ID: 1
2025-05-07 12:21:33 - DECISION: reject, JOB_ID: 1
2025-05-07 12:21:39 - DECISION: reject, JOB_ID: 1
2025-05-07 12:21:45 - DECISION: reject, JOB_ID: 1
2025-05-07 12:21:52 - DECISION: reject, JOB_ID: 1
2025-05-07 12:21:58 - DECISION: reject, JOB_ID: 1
2025-05-07 12:22:14 - DECISION: reject, JOB_ID: 1
2025-05-07 12:22:18 - DECISION: reject, JOB_ID: 1
2025-05-07 12:22:23 - DECISION: reject, JOB_ID: 1
2025-05-07 12:22:33 - DECISION: reject, JOB_ID: 1
2025-05-07 12:22:39 - DECISION: accept, JOB_ID: 1
2025-05-07 12:22:41 - DECISION: reject, JOB_ID: 1
2025-05-07 13:24:44 - DECISION: reject, JOB_ID: Warrior Recreation Conditioning Assistant
2025-05-07 13:25:01 - DECISION: reject, JOB_ID: Software Engineering Associate
2025-05-07 13:25:13 - DECISION: reject, JOB_ID: Software Engineering Associate
2025-05-07 13:25:29 - DECISION: accept, JOB_ID: Associate Machine Learning Developer
2025-05-07 13:25:32 - DECISION: reject, JOB_ID: Mechanical Engineering Intern
2025-05-07 13:25:46 - DECISION: reject, JOB_ID: Mechatronics Engineering Intern
2025-05-07 13:38:09 - DECISION: reject, JOB_ID: 1
2025-05-07 13:38:20 - DECISION: accept, JOB_ID: 1
2025-05-07 15:27:59 - DECISION: reject, JOB_ID: Solutions Engineering Intern (Fall/September 2025, 8+ Months)
2025-05-07 15:28:04 - DECISION: reject, JOB_ID: Firmware Intern
2025-05-07 15:28:12 - DECISION: reject, JOB_ID: Engineering Co-op Student (Brantford)
2025-05-07 15:28:18 - DECISION: reject, JOB_ID: Engineering Co-op Student (Cambridge)
2025-05-07 15:28:31 - DECISION: reject, JOB_ID: Robotics Hardware Intern
2025-05-07 15:28:33 - DECISION: reject, JOB_ID: Geographical Information Systems Co-op Student
2025-05-07 15:29:00 - DECISION: reject, JOB_ID: Signal Engineering Assistant (Electrical/Software) Co-op
2025-05-07 15:29:12 - DECISION: reject, JOB_ID: QA Automation Developer
2025-05-07 15:29:25 - DECISION: reject, JOB_ID: Software Developer Intern
2025-05-07 15:29:31 - DECISION: reject, JOB_ID: ITS Solutions Administrator
2025-05-07 15:29:50 - DECISION: reject, JOB_ID: Senior Analysis Student
2025-05-07 15:30:03 - DECISION: reject, JOB_ID: Project Coordinator
2025-05-07 15:30:40 - DECISION: reject, JOB_ID: Associate Business Solutions Consultant
2025-05-07 15:40:00 - DECISION: reject, JOB_ID: Mechatronics Engineering Student
2025-05-07 15:40:01 - DECISION: reject, JOB_ID: Engineering & Maintenance Assistant
2025-05-07 15:40:05 - DECISION: reject, JOB_ID: Firmware Intern
2025-05-07 15:40:07 - DECISION: reject, JOB_ID: Embedded Systems Design Engineering Intern
2025-05-07 15:40:09 - DECISION: reject, JOB_ID: Engineering Co-op Student (Brantford)
2025-05-07 15:40:14 - DECISION: reject, JOB_ID: Solutions Engineering Intern (Fall/September 2025, 8+ Months)
2025-05-07 15:40:18 - DECISION: reject, JOB_ID: Engineering Co-op Student (Cambridge)
2025-05-07 15:40:26 - DECISION: reject, JOB_ID: Robotics Hardware Intern
2025-05-07 15:40:43 - DECISION: reject, JOB_ID: Geographical Information Systems Co-op Student
2025-05-07 15:41:06 - DECISION: reject, JOB_ID: Signal Engineering Assistant (Electrical/Software) Co-op
2025-05-07 15:42:29 - DECISION: reject, JOB_ID: QA Automation Developer
2025-05-07 15:42:37 - DECISION: reject, JOB_ID: Software Developer Intern
2025-05-07 15:42:39 - DECISION: reject, JOB_ID: ITS Solutions Administrator
2025-05-07 15:42:41 - DECISION: reject, JOB_ID: Senior Analysis Student
2025-05-07 15:42:44 - DECISION: reject, JOB_ID: Project Coordinator
2025-05-07 15:44:10 - DECISION: reject, JOB_ID: Cloud DevOps Engineering Intern
2025-05-07 15:44:13 - DECISION: reject, JOB_ID: Associate Business Solutions Consultant
2025-05-07 15:44:17 - DECISION: reject, JOB_ID: Mobile App Developer
2025-05-07 15:44:57 - DECISION: reject, JOB_ID: Junior Developer
2025-05-07 15:45:12 - DECISION: reject, JOB_ID: Software Engineering Associate
2025-05-07 15:45:21 - DECISION: reject, JOB_ID: Intern - Acoustics and Vibration Engineering
2025-05-07 15:45:23 - DECISION: reject, JOB_ID: Software Developer Co-op
2025-05-07 15:47:39 - DECISION: reject, JOB_ID: Game Developer
2025-05-07 15:47:52 - DECISION: reject, JOB_ID: Software Developer
2025-05-07 15:48:29 - DECISION: reject, JOB_ID: Junior Site Reliability Engineering Intern
2025-05-07 15:48:31 - DECISION: reject, JOB_ID: Associate Machine Learning Developer
2025-05-07 15:48:33 - DECISION: reject, JOB_ID: Mechanical Engineering Intern
2025-05-07 15:48:33 - DECISION: reject, JOB_ID: Mechatronics Engineering Intern
2025-05-07 15:49:08 - DECISION: reject, JOB_ID: Software Developer
2025-05-07 15:49:19 - DECISION: reject, JOB_ID: Electricity Market Analyst Student (Market Evolution and Integration)
2025-05-07 15:49:40 - DECISION: reject, JOB_ID: Software Developer, Vegas Feature
2025-05-07 15:50:36 - DECISION: reject, JOB_ID: Software Engineering Intern Simulation Framework
2025-05-07 15:50:54 - DECISION: reject, JOB_ID: IT Service Desk Support Co-op
2025-05-07 15:52:31 - DECISION: reject, JOB_ID: Software Engineering
2025-05-07 15:52:32 - DECISION: reject, JOB_ID: Operations & PM Intern 4 Months
2025-05-07 15:52:34 - DECISION: reject, JOB_ID: Mechanical Engineering Intern
2025-05-07 15:56:43 - DECISION: reject, JOB_ID: 1
2025-05-07 15:56:49 - DECISION: reject, JOB_ID: 1
2025-05-07 15:56:53 - DECISION: reject, JOB_ID: 1
2025-05-07 15:57:04 - DECISION: reject, JOB_ID: 1
2025-05-07 15:57:06 - DECISION: reject, JOB_ID: 1
2025-05-07 15:57:12 - DECISION: reject, JOB_ID: 1
2025-05-07 16:57:17 - DECISION: reject, JOB_ID: 1
2025-05-07 16:58:30 - DECISION: reject, JOB_ID: 1
2025-05-07 16:58:32 - DECISION: reject, JOB_ID: 1
2025-05-07 16:59:25 - DECISION: reject, JOB_ID: 1
2025-05-07 16:59:28 - DECISION: reject, JOB_ID: 1
2025-05-07 17:29:02 - DECISION: reject, JOB_ID: 1
2025-05-07 17:29:14 - DECISION: reject, JOB_ID: 1
2025-05-07 17:29:38 - DECISION: reject, JOB_ID: 1
2025-05-07 17:29:40 - DECISION: reject, JOB_ID: 1
2025-05-07 17:29:42 - DECISION: reject, JOB_ID: 1
2025-05-07 17:29:45 - DECISION: reject, JOB_ID: 1
2025-05-07 17:29:50 - DECISION: reject, JOB_ID: 1
2025-05-07 17:29:53 - DECISION: reject, JOB_ID: 1
2025-05-07 17:29:58 - DECISION: reject, JOB_ID: 1
2025-05-07 17:30:01 - DECISION: reject, JOB_ID: 1
2025-05-07 17:31:00 - DECISION: reject, JOB_ID: 1
2025-05-07 17:31:03 - DECISION: reject, JOB_ID: 1
2025-05-07 17:32:33 - DECISION: reject, JOB_ID: Software Developer, Marketplace Foundations
2025-05-07 17:32:39 - DECISION: reject, JOB_ID: Clinical Research Assistant (Oncology)
2025-05-07 17:32:46 - DECISION: reject, JOB_ID: 2025 Fall- CLAO, Functions Supplier Management Office Intern (4 Months)
2025-05-07 17:33:28 - DECISION: reject, JOB_ID: Full-Stack Developer (Cloud Applications)
2025-05-07 17:33:55 - DECISION: accept, JOB_ID: Software Engineering Analyst
2025-05-07 17:34:00 - DECISION: reject, JOB_ID: 2025 Fall ? Global Procurement, Developer, Intern (8 Months)
2025-05-07 17:36:08 - DECISION: accept, JOB_ID: Software Developer, Marketplace Foundations
2025-05-07 17:36:17 - DECISION: reject, JOB_ID: Clinical Research Assistant (Oncology)
2025-05-07 17:36:27 - DECISION: reject, JOB_ID: 2025 Fall- CLAO, Functions Supplier Management Office Intern (4 Months)
2025-05-07 17:36:32 - DECISION: reject, JOB_ID: Civil Engineering Assistant
2025-05-07 17:38:26 - DECISION: accept, JOB_ID: Software Engineering Student Intern
2025-05-07 17:38:35 - DECISION: reject, JOB_ID: Software Developer, Marketplace Foundations
2025-05-07 17:38:47 - DECISION: accept, JOB_ID: Full-Stack Developer (Cloud Applications)
2025-05-07 17:39:13 - DECISION: accept, JOB_ID: Software Engineering Analyst
2025-05-07 17:39:37 - DECISION: accept, JOB_ID: Embedded Systems Design Engineering Intern
2025-05-07 17:40:04 - DECISION: reject, JOB_ID: Mechatronics Engineering Student
2025-05-07 17:40:13 - DECISION: accept, JOB_ID: Front-End Software Engineering Intern
2025-05-07 17:40:42 - DECISION: accept, JOB_ID: ECE FPGA Programming for Active Antenna Array Control
2025-05-07 17:40:55 - DECISION: reject, JOB_ID: Engineering & Maintenance Assistant
2025-05-07 17:41:18 - DECISION: reject, JOB_ID: Firmware Intern
2025-05-07 17:41:40 - DECISION: accept, JOB_ID: Backend Engineering
2025-05-07 17:41:53 - DECISION: reject, JOB_ID: Engineering Co-op Student (Brantford)
2025-05-07 17:41:55 - DECISION: reject, JOB_ID: Engineering Co-op Student (Cambridge)
2025-05-07 17:42:00 - DECISION: reject, JOB_ID: Front-End Developer, Sportsbook Features
2025-05-07 17:42:02 - DECISION: reject, JOB_ID: Solutions Engineering Intern (Fall/September 2025, 8+ Months)
2025-05-07 17:42:04 - DECISION: reject, JOB_ID: Capital Markets, Client Data Analyst Fall 2025 Co-Op (8 Months)
2025-05-07 17:42:07 - DECISION: reject, JOB_ID: 2025 Fall ? Global Procurement, Developer, Intern (8 Months)
2025-05-07 17:42:30 - DECISION: accept, JOB_ID: Robotics Hardware Intern
2025-05-07 18:04:18 - DECISION: accept, JOB_ID: 1
2025-05-07 18:04:24 - DECISION: accept, JOB_ID: 1
2025-05-07 18:04:40 - DECISION: accept, JOB_ID: 1
2025-05-07 18:08:58 - DECISION: accept, JOB_ID: 1
2025-05-07 18:09:02 - DECISION: accept, JOB_ID: 1
2025-05-07 18:09:25 - DECISION: accept, JOB_ID: 1
2025-05-07 18:09:26 - DECISION: accept, JOB_ID: 1
2025-05-07 18:09:27 - DECISION: accept, JOB_ID: 1
2025-05-07 18:09:46 - DECISION: accept, JOB_ID: 1
2025-05-07 18:09:46 - DECISION: accept, JOB_ID: 1
2025-05-07 18:09:46 - DECISION: accept, JOB_ID: 1
2025-05-07 18:14:37 - DECISION: accept, JOB_ID: 1
2025-05-07 18:14:38 - DECISION: accept, JOB_ID: 1
2025-05-07 18:14:56 - DECISION: accept, JOB_ID: 1
2025-05-07 18:14:58 - DECISION: accept, JOB_ID: 1
2025-05-07 18:15:43 - DECISION: accept, JOB_ID: 1
2025-05-07 18:22:26 - DECISION: accept, JOB_ID: 1
2025-05-07 18:22:28 - DECISION: accept, JOB_ID: 1
2025-05-07 18:25:05 - DECISION: accept, JOB_ID: 1
2025-05-07 18:25:12 - DECISION: accept, JOB_ID: 1
2025-05-07 18:25:51 - DECISION: accept, JOB_ID: 1
2025-05-07 18:27:48 - DECISION: accept, JOB_ID: 1
2025-05-07 18:28:59 - DECISION: accept, JOB_ID: Software Developer, Marketplace Foundations
2025-05-07 18:29:09 - DECISION: accept, JOB_ID: Capital Markets, Client Data Analyst Fall 2025 Co-Op (8 Months)
2025-05-07 18:29:24 - DECISION: accept, JOB_ID: Software Engineering Student Intern
2025-05-07 18:29:25 - DECISION: accept, JOB_ID: 2025 Fall ? Global Procurement, Developer, Intern (8 Months)
2025-05-07 18:29:59 - DECISION: accept, JOB_ID: Full-Stack Developer (Cloud Applications)
2025-05-07 18:30:00 - DECISION: accept, JOB_ID: Software Engineering Analyst
2025-05-07 18:30:02 - DECISION: accept, JOB_ID: Embedded Systems Design Engineering Intern
2025-05-07 18:30:04 - DECISION: accept, JOB_ID: Mechatronics Engineering Student
2025-05-07 18:30:05 - DECISION: accept, JOB_ID: Engineering & Maintenance Assistant
2025-05-07 18:33:44 - DECISION: accept, JOB_ID: Software Developer, Marketplace Foundations
2025-05-07 18:33:48 - DECISION: accept, JOB_ID: Capital Markets, Client Data Analyst Fall 2025 Co-Op (8 Months)
2025-05-07 18:34:09 - DECISION: accept, JOB_ID: Software Engineering Student Intern
2025-05-07 18:34:09 - DECISION: accept, JOB_ID: 2025 Fall ? Global Procurement, Developer, Intern (8 Months)
2025-05-07 18:34:13 - DECISION: accept, JOB_ID: Full-Stack Developer (Cloud Applications)
2025-05-07 18:36:08 - DECISION: accept, JOB_ID: Software Developer, Marketplace Foundations
2025-05-07 18:36:17 - DECISION: accept, JOB_ID: Capital Markets, Client Data Analyst Fall 2025 Co-Op (8 Months)
2025-05-07 18:37:12 - DECISION: accept, JOB_ID: Software Engineering Student Intern
2025-05-07 18:37:14 - DECISION: accept, JOB_ID: Embedded Systems Design Engineering Intern
2025-05-07 18:37:15 - DECISION: accept, JOB_ID: 2025 Fall ? Global Procurement, Developer, Intern (8 Months)
2025-05-07 18:37:16 - DECISION: accept, JOB_ID: Full-Stack Developer (Cloud Applications)
2025-05-07 18:37:17 - DECISION: accept, JOB_ID: Software Engineering Analyst
2025-05-07 18:37:18 - DECISION: accept, JOB_ID: Mechatronics Engineering Student
2025-05-07 18:37:19 - DECISION: accept, JOB_ID: Engineering & Maintenance Assistant
2025-05-07 21:09:22 - DECISION: accept, JOB_ID: Software Developer, Marketplace Foundations
2025-05-07 21:09:24 - DECISION: accept, JOB_ID: Software Engineering Student Intern
2025-05-07 21:09:26 - DECISION: accept, JOB_ID: Capital Markets, Client Data Analyst Fall 2025 Co-Op (8 Months)
2025-05-07 23:07:48 - DECISION: reject, JOB_ID: 1
2025-05-07 23:07:56 - DECISION: reject, JOB_ID: 1
2025-05-07 23:07:58 - DECISION: reject, JOB_ID: 1
2025-05-07 23:07:59 - DECISION: reject, JOB_ID: 1
2025-05-07 23:08:09 - DECISION: reject, JOB_ID: 1
2025-05-07 23:08:12 - DECISION: reject, JOB_ID: 1
2025-05-07 23:08:16 - DECISION: reject, JOB_ID: 1
2025-05-07 23:08:20 - DECISION: reject, JOB_ID: 1
2025-05-07 23:33:26 - DECISION: accept, JOB_ID: Software Developer, Marketplace Foundations
2025-05-07 23:33:39 - DECISION: accept, JOB_ID: Capital Markets, Client Data Analyst Fall 2025 Co-Op (8 Months)
2025-05-07 23:43:01 - DECISION: accept, JOB_ID: Embedded Systems Design Engineering Intern
2025-05-07 23:43:02 - DECISION: accept, JOB_ID: Capital Markets, Client Data Analyst Fall 2025 Co-Op (8 Months)
2025-05-07 23:44:19 - DECISION: accept, JOB_ID: Software Developer, Marketplace Foundations
2025-05-07 23:44:34 - DECISION: accept, JOB_ID: Capital Markets, Client Data Analyst Fall 2025 Co-Op (8 Months)
2025-05-07 23:52:38 - DECISION: accept, JOB_ID: Software Developer, Marketplace Foundations
2025-05-08 00:15:38 - DECISION: accept, JOB_ID: Software Developer, Marketplace Foundations
2025-05-08 00:15:48 - DECISION: accept, JOB_ID: Clinical Research Assistant (Oncology)
2025-05-08 00:18:37 - DECISION: accept, JOB_ID: 1
2025-05-08 00:21:50 - DECISION: accept, JOB_ID: 1
2025-05-08 00:21:51 - DECISION: accept, JOB_ID: 1
2025-05-08 00:22:45 - DECISION: accept, JOB_ID: Software Developer, Marketplace Foundations
2025-05-08 00:23:04 - DECISION: accept, JOB_ID: Clinical Research Assistant (Oncology)
2025-05-08 00:23:05 - DECISION: accept, JOB_ID: 2025 Fall- CLAO, Functions Supplier Management Office Intern (4 Months)
2025-05-08 00:26:14 - DECISION: accept, JOB_ID: Software Developer, Marketplace Foundations
2025-05-08 00:26:34 - DECISION: accept, JOB_ID: Capital Markets, Client Data Analyst Fall 2025 Co-Op (8 Months)
2025-05-08 00:26:34 - DECISION: accept, JOB_ID: Software Engineering Student Intern
2025-05-08 00:30:21 - DECISION: accept, JOB_ID: 1
2025-05-08 00:30:29 - DECISION: accept, JOB_ID: 1
2025-05-08 00:30:41 - DECISION: accept, JOB_ID: 1
2025-05-08 00:30:51 - DECISION: accept, JOB_ID: 1
2025-05-08 00:30:51 - DECISION: accept, JOB_ID: 1
2025-05-08 00:32:16 - DECISION: accept, JOB_ID: Software Developer, Marketplace Foundations
2025-05-08 00:32:16 - DECISION: accept, JOB_ID: Clinical Research Assistant (Oncology)
2025-05-08 00:32:28 - DECISION: accept, JOB_ID: 2025 Fall- CLAO, Functions Supplier Management Office Intern (4 Months)
2025-05-08 00:32:39 - DECISION: accept, JOB_ID: Civil Engineering Assistant
2025-05-08 00:32:40 - DECISION: accept, JOB_ID: 2025 CFO, Fall - Strategic Design and Execution Student (4 months)
2025-05-08 09:48:21 - DECISION: accept, JOB_ID: 1
2025-05-08 11:46:10 - DECISION: reject, JOB_ID: 1
2025-05-08 11:52:08 - DECISION: reject, JOB_ID: 1
2025-05-08 11:52:12 - DECISION: reject, JOB_ID: 1
2025-05-08 13:30:40 - DECISION: reject, JOB_ID: Opportunities at Triumf
2025-05-08 13:31:05 - DECISION: accept, JOB_ID: Associate DevOps Engineering
2025-05-08 13:31:27 - DECISION: accept, JOB_ID: Co-op Program: Software Engineering Intern Concept for a simulation tool framework
2025-05-08 13:31:53 - DECISION: reject, JOB_ID: System Verification Intern
2025-05-08 13:31:55 - DECISION: reject, JOB_ID: Solutions Engineering Intern (Fall/September 2025, 8+ Months)
2025-05-08 13:31:57 - DECISION: accept, JOB_ID: AI and Data Science Intern
2025-05-08 13:32:00 - DECISION: reject, JOB_ID: Full-Stack Developer
2025-05-08 13:35:06 - DECISION: accept, JOB_ID: AI/ML DevOps Intern
2025-05-08 13:36:46 - DECISION: reject, JOB_ID: Opportunities at Triumf
2025-05-08 13:37:02 - DECISION: accept, JOB_ID: AI/ML DevOps Intern
2025-05-08 13:37:26 - DECISION: reject, JOB_ID: Research Assistant in the Field of Computer Vision and Robotics in the Domain of Aircraft Production
2025-05-08 13:37:30 - DECISION: accept, JOB_ID: Associate DevOps Engineering
2025-05-08 13:37:48 - DECISION: reject, JOB_ID: Software Developer
2025-05-08 13:37:59 - DECISION: accept, JOB_ID: Co-op Program: Software Engineering Intern Concept for a simulation tool framework
2025-05-08 13:38:10 - DECISION: accept, JOB_ID: Data Science and Machine Learning Intern
2025-05-08 15:06:21 - DECISION: reject, JOB_ID: 418754
2025-05-08 15:06:22 - DECISION: accept, JOB_ID: 418697
2025-05-08 15:06:27 - DECISION: accept, JOB_ID: 418781
2025-05-08 15:06:28 - DECISION: reject, JOB_ID: 418713
2025-05-08 15:06:31 - DECISION: reject, JOB_ID: 418684
2025-05-08 15:06:33 - DECISION: reject, JOB_ID: 418718
2025-05-08 15:06:34 - DECISION: reject, JOB_ID: 418717
2025-05-08 15:06:47 - DECISION: reject, JOB_ID: 418767
2025-05-08 15:06:57 - DECISION: reject, JOB_ID: 418653
2025-05-08 15:07:04 - DECISION: accept, JOB_ID: 418641
2025-05-08 15:07:09 - DECISION: reject, JOB_ID: 418629
2025-05-08 15:07:35 - DECISION: reject, JOB_ID: 418619
2025-05-08 15:07:39 - DECISION: accept, JOB_ID: 418608
2025-05-08 15:07:41 - DECISION: reject, JOB_ID: 418614
2025-05-08 15:10:16 - DECISION: accept, JOB_ID: 418600
2025-05-08 15:10:16 - DECISION: accept, JOB_ID: 418600
2025-05-08 15:10:16 - DECISION: accept, JOB_ID: 418600
2025-05-08 15:10:25 - DECISION: accept, JOB_ID: 418781
2025-05-08 15:10:29 - DECISION: accept, JOB_ID: 418697
2025-05-08 15:10:34 - DECISION: accept, JOB_ID: 418641
2025-05-08 15:10:40 - DECISION: reject, JOB_ID: 418780
2025-05-08 15:10:43 - DECISION: reject, JOB_ID: 418619
2025-05-08 15:10:50 - DECISION: reject, JOB_ID: 418614
2025-05-08 15:18:23 - DECISION: accept, JOB_ID: 418600
2025-05-08 15:18:26 - DECISION: accept, JOB_ID: 418608
2025-05-08 15:18:28 - DECISION: accept, JOB_ID: 418582
2025-05-08 15:18:29 - DECISION: accept, JOB_ID: 418697
2025-05-08 15:18:31 - DECISION: accept, JOB_ID: 418641
2025-05-08 15:18:42 - DECISION: reject, JOB_ID: 418704
2025-05-08 15:18:55 - DECISION: accept, JOB_ID: 418571
2025-05-08 15:18:58 - DECISION: reject, JOB_ID: 418754
2025-05-08 15:19:00 - DECISION: reject, JOB_ID: 418586
2025-05-08 15:19:02 - DECISION: reject, JOB_ID: 418583
2025-05-08 15:19:05 - DECISION: reject, JOB_ID: 418684
2025-05-08 15:19:24 - DECISION: reject, JOB_ID: 418584
2025-05-08 15:19:32 - DECISION: reject, JOB_ID: 418771
2025-05-08 15:19:35 - DECISION: reject, JOB_ID: 418578
2025-05-08 15:19:37 - DECISION: reject, JOB_ID: 418713
2025-05-08 15:19:41 - DECISION: accept, JOB_ID: 418596
2025-05-08 15:27:10 - DECISION: reject, JOB_ID: 418570
2025-05-08 15:27:19 - DECISION: accept, JOB_ID: 418543
2025-05-08 15:27:21 - DECISION: accept, JOB_ID: 418568
2025-05-08 15:27:24 - DECISION: accept, JOB_ID: 418563
2025-05-08 15:27:27 - DECISION: accept, JOB_ID: 418553
2025-05-08 15:27:29 - DECISION: reject, JOB_ID: 418569
2025-05-08 15:28:00 - DECISION: reject, JOB_ID: 418557
2025-05-08 15:28:17 - DECISION: accept, JOB_ID: 418531
2025-05-08 15:28:22 - DECISION: accept, JOB_ID: 418527
2025-05-08 15:28:30 - DECISION: accept, JOB_ID: 418529
2025-05-08 15:28:35 - DECISION: accept, JOB_ID: 418522
2025-05-08 15:28:45 - DECISION: accept, JOB_ID: 418554
2025-05-08 15:29:05 - DECISION: reject, JOB_ID: 418520
2025-05-08 15:29:12 - DECISION: reject, JOB_ID: 418552
2025-05-08 15:29:21 - DECISION: accept, JOB_ID: 418534
2025-05-08 15:29:38 - DECISION: reject, JOB_ID: 418541
2025-05-08 15:29:55 - DECISION: accept, JOB_ID: 418476
2025-05-08 15:30:12 - DECISION: accept, JOB_ID: 418474
2025-05-08 15:30:16 - DECISION: accept, JOB_ID: 418472
2025-05-08 15:30:21 - DECISION: reject, JOB_ID: 418515
2025-05-08 15:30:25 - DECISION: reject, JOB_ID: 418489
2025-05-08 15:30:35 - DECISION: accept, JOB_ID: 418466
2025-05-08 15:30:37 - DECISION: reject, JOB_ID: 418465
2025-05-08 15:30:39 - DECISION: reject, JOB_ID: 418767
2025-05-08 15:30:40 - DECISION: reject, JOB_ID: 418718
2025-05-08 15:30:41 - DECISION: reject, JOB_ID: 418717
2025-05-08 15:30:43 - DECISION: reject, JOB_ID: 418629
2025-05-08 15:30:44 - DECISION: reject, JOB_ID: 418619
2025-05-08 15:30:46 - DECISION: reject, JOB_ID: 418556
2025-05-08 15:38:11 - DECISION: accept, JOB_ID: 418771
2025-05-08 15:38:11 - DECISION: accept, JOB_ID: 418780
2025-05-08 15:38:12 - DECISION: accept, JOB_ID: 418776
2025-05-08 15:48:51 - DECISION: reject, JOB_ID: 1
2025-05-08 15:48:54 - DECISION: reject, JOB_ID: 1
2025-05-08 15:48:57 - DECISION: reject, JOB_ID: 1
2025-05-08 15:48:59 - DECISION: reject, JOB_ID: 1
2025-05-08 15:49:02 - DECISION: reject, JOB_ID: 1
2025-05-08 15:49:04 - DECISION: reject, JOB_ID: 1
2025-05-08 15:49:04 - DECISION: reject, JOB_ID: 1
2025-05-08 15:49:06 - DECISION: reject, JOB_ID: 1
2025-05-08 15:49:07 - DECISION: reject, JOB_ID: 1
2025-05-08 15:49:08 - DECISION: reject, JOB_ID: 1
2025-05-08 15:54:24 - DECISION: reject, JOB_ID: 1
2025-05-08 15:54:30 - DECISION: accept, JOB_ID: 1
2025-05-08 15:56:57 - DECISION: reject, JOB_ID: 1
2025-05-08 15:58:51 - DECISION: reject, JOB_ID: 418767
2025-05-08 15:59:50 - DECISION: reject, JOB_ID: 418704
2025-05-08 15:59:54 - DECISION: accept, JOB_ID: 418697
2025-05-08 16:00:13 - DECISION: accept, JOB_ID: 418608
2025-05-08 16:00:17 - DECISION: reject, JOB_ID: 418578
2025-05-08 16:00:24 - DECISION: accept, JOB_ID: 418582
2025-05-08 16:00:26 - DECISION: accept, JOB_ID: 418619
2025-05-08 16:00:30 - DECISION: accept, JOB_ID: 418553
2025-05-08 16:00:32 - DECISION: accept, JOB_ID: 418600
2025-05-08 16:00:35 - DECISION: accept, JOB_ID: 418556
2025-05-08 16:00:36 - DECISION: accept, JOB_ID: 418543
2025-05-08 16:00:40 - DECISION: accept, JOB_ID: 418541
2025-05-08 16:00:47 - DECISION: reject, JOB_ID: 418584
2025-05-08 16:00:52 - DECISION: accept, JOB_ID: 418531
2025-05-08 16:00:54 - DECISION: accept, JOB_ID: 418529
2025-05-08 16:00:57 - DECISION: accept, JOB_ID: 418522
2025-05-08 16:01:21 - DECISION: reject, JOB_ID: 418527
2025-05-08 16:01:21 - DECISION: reject, JOB_ID: 418527
2025-05-08 16:01:24 - DECISION: accept, JOB_ID: 418476
2025-05-08 16:09:12 - DECISION: accept, JOB_ID: 418697
2025-05-08 16:09:14 - DECISION: accept, JOB_ID: 418771
2025-05-08 16:09:16 - DECISION: reject, JOB_ID: 418754
2025-05-08 16:09:28 - DECISION: reject, JOB_ID: 418704
2025-05-08 16:09:30 - DECISION: accept, JOB_ID: 418641
2025-05-08 16:09:37 - DECISION: reject, JOB_ID: 418619
2025-05-08 16:09:43 - DECISION: accept, JOB_ID: 418608
2025-05-08 16:09:45 - DECISION: accept, JOB_ID: 418588
2025-05-08 16:09:47 - DECISION: accept, JOB_ID: 418600
2025-05-08 16:09:50 - DECISION: reject, JOB_ID: 418686
2025-05-08 16:10:01 - DECISION: reject, JOB_ID: 418629
2025-05-08 16:10:04 - DECISION: accept, JOB_ID: 418583
2025-05-08 16:10:08 - DECISION: reject, JOB_ID: 418614
2025-05-08 16:10:10 - DECISION: accept, JOB_ID: 418582
2025-05-08 16:10:11 - DECISION: reject, JOB_ID: 418596
2025-05-08 16:10:12 - DECISION: reject, JOB_ID: 418584
2025-05-08 16:10:13 - DECISION: reject, JOB_ID: 418578
2025-05-08 16:10:14 - DECISION: accept, JOB_ID: 418653
2025-05-08 16:10:33 - DECISION: reject, JOB_ID: 418586
2025-05-08 16:10:38 - DECISION: accept, JOB_ID: 418571
2025-05-08 16:10:39 - DECISION: reject, JOB_ID: 418570
2025-05-08 16:10:43 - DECISION: accept, JOB_ID: 418568
2025-05-08 16:10:45 - DECISION: reject, JOB_ID: 418557
2025-05-08 16:10:46 - DECISION: reject, JOB_ID: 418563
2025-05-08 16:10:47 - DECISION: reject, JOB_ID: 418718
2025-05-08 16:10:49 - DECISION: reject, JOB_ID: 418556
2025-05-08 16:10:50 - DECISION: reject, JOB_ID: 418717
2025-05-08 16:10:53 - DECISION: reject, JOB_ID: 418684
2025-05-08 16:10:56 - DECISION: reject, JOB_ID: 418569
2025-05-08 16:10:58 - DECISION: reject, JOB_ID: 418713
2025-05-08 16:11:00 - DECISION: reject, JOB_ID: 418767
2025-05-08 16:16:48 - DECISION: reject, JOB_ID: 418767
2025-05-08 16:16:56 - DECISION: reject, JOB_ID: 418754
2025-05-08 16:17:03 - DECISION: reject, JOB_ID: 418718
2025-05-08 16:17:06 - DECISION: reject, JOB_ID: 418704
2025-05-08 16:17:11 - DECISION: reject, JOB_ID: 418717
2025-05-08 16:22:48 - DECISION: reject, JOB_ID: 418754
2025-05-08 16:22:49 - DECISION: reject, JOB_ID: 418718
2025-05-08 16:22:50 - DECISION: reject, JOB_ID: 418717
2025-05-08 16:22:51 - DECISION: reject, JOB_ID: 418812
2025-05-08 16:22:52 - DECISION: reject, JOB_ID: 418767
2025-05-08 16:22:53 - DECISION: reject, JOB_ID: 418713
2025-05-08 16:23:07 - DECISION: reject, JOB_ID: 418704
2025-05-08 16:23:08 - DECISION: accept, JOB_ID: 418697
2025-05-08 16:23:14 - DECISION: accept, JOB_ID: 418686
2025-05-08 16:23:15 - DECISION: reject, JOB_ID: 418653
2025-05-08 16:23:17 - DECISION: reject, JOB_ID: 418684
2025-05-08 16:23:24 - DECISION: accept, JOB_ID: 418641
2025-05-08 16:23:27 - DECISION: reject, JOB_ID: 418629
2025-05-08 16:23:27 - DECISION: reject, JOB_ID: 418619
2025-05-08 16:23:31 - DECISION: reject, JOB_ID: 418614
2025-05-08 16:23:56 - DECISION: accept, JOB_ID: 418600
2025-05-08 16:24:00 - DECISION: accept, JOB_ID: 418608
2025-05-08 16:24:23 - DECISION: accept, JOB_ID: 418598
2025-05-08 16:24:28 - DECISION: accept, JOB_ID: 418588
2025-05-08 16:24:30 - DECISION: reject, JOB_ID: 418584
2025-05-08 16:24:46 - DECISION: reject, JOB_ID: 418586
2025-05-08 16:24:50 - DECISION: accept, JOB_ID: 418582
2025-05-08 16:24:52 - DECISION: accept, JOB_ID: 418571
2025-05-08 16:24:54 - DECISION: reject, JOB_ID: 418583
2025-05-08 16:24:55 - DECISION: reject, JOB_ID: 418578
2025-05-08 16:24:56 - DECISION: reject, JOB_ID: 418570
2025-05-08 16:24:58 - DECISION: reject, JOB_ID: 418596
2025-05-08 16:25:00 - DECISION: reject, JOB_ID: 418569
2025-05-08 16:25:03 - DECISION: reject, JOB_ID: 418568
2025-05-08 16:25:12 - DECISION: reject, JOB_ID: 418563
2025-05-08 16:25:47 - DECISION: reject, JOB_ID: 418557
2025-05-08 16:25:57 - DECISION: accept, JOB_ID: 418554
2025-05-08 16:26:00 - DECISION: accept, JOB_ID: 418543
2025-05-08 16:26:01 - DECISION: accept, JOB_ID: 418555
2025-05-08 16:26:03 - DECISION: accept, JOB_ID: 418552
2025-05-08 16:26:07 - DECISION: reject, JOB_ID: 418553
2025-05-08 16:26:08 - DECISION: reject, JOB_ID: 418556
2025-05-08 16:26:10 - DECISION: reject, JOB_ID: 418541
2025-05-08 16:26:12 - DECISION: reject, JOB_ID: 418547
2025-05-08 16:26:15 - DECISION: reject, JOB_ID: 418539
2025-05-08 16:26:17 - DECISION: accept, JOB_ID: 418534
2025-05-08 16:26:29 - DECISION: accept, JOB_ID: 418531
2025-05-08 16:26:47 - DECISION: accept, JOB_ID: 418529
2025-05-08 16:27:15 - DECISION: accept, JOB_ID: 418522
2025-05-08 16:27:21 - DECISION: accept, JOB_ID: 418527
2025-05-08 16:27:28 - DECISION: accept, JOB_ID: 418474
2025-05-08 16:27:43 - DECISION: accept, JOB_ID: 418472
2025-05-08 16:27:45 - DECISION: reject, JOB_ID: 418466
2025-05-08 16:27:47 - DECISION: reject, JOB_ID: 418520
2025-05-08 16:27:54 - DECISION: reject, JOB_ID: 418515
2025-05-08 16:27:56 - DECISION: reject, JOB_ID: 418460
2025-05-08 16:27:57 - DECISION: reject, JOB_ID: 418489
2025-05-08 16:28:05 - DECISION: reject, JOB_ID: 418484
2025-05-08 16:28:10 - DECISION: accept, JOB_ID: 418476
2025-05-08 16:28:14 - DECISION: reject, JOB_ID: 418464
2025-05-08 16:28:16 - DECISION: reject, JOB_ID: 418473
2025-05-08 16:28:21 - DECISION: reject, JOB_ID: 418465
2025-05-08 16:28:28 - DECISION: accept, JOB_ID: 418454
2025-05-08 16:29:24 - DECISION: accept, JOB_ID: 418448
2025-05-08 16:29:25 - DECISION: reject, JOB_ID: 418443
2025-05-08 16:29:54 - DECISION: reject, JOB_ID: 418432
2025-05-08 16:39:16 - DECISION: reject, JOB_ID: 418833
2025-05-08 16:39:17 - DECISION: reject, JOB_ID: 418812
2025-05-08 16:39:53 - DECISION: reject, JOB_ID: 418810
2025-05-08 16:40:08 - DECISION: reject, JOB_ID: 418718
2025-05-08 16:40:46 - DECISION: reject, JOB_ID: 418717
2025-05-08 16:40:46 - DECISION: reject, JOB_ID: 418713
2025-05-08 16:42:09 - DECISION: accept, JOB_ID: 418697
2025-05-08 16:42:37 - DECISION: accept, JOB_ID: 418686
2025-05-08 16:42:51 - DECISION: accept, JOB_ID: 418641
2025-05-08 16:46:43 - DECISION: reject, JOB_ID: 418771
2025-05-08 16:46:44 - DECISION: reject, JOB_ID: 418812
2025-05-08 16:46:45 - DECISION: reject, JOB_ID: 418810
2025-05-08 16:46:53 - DECISION: accept, JOB_ID: 418781
2025-05-08 16:50:14 - DECISION: reject, JOB_ID: 418771
2025-05-08 16:50:25 - DECISION: accept, JOB_ID: 418781
2025-05-08 16:50:26 - DECISION: reject, JOB_ID: 418812
2025-05-08 16:50:27 - DECISION: reject, JOB_ID: 418810
2025-05-08 16:50:30 - DECISION: reject, JOB_ID: 418780
2025-05-08 16:51:26 - DECISION: reject, JOB_ID: 418776
2025-05-08 16:52:07 - DECISION: reject, JOB_ID: 418775
2025-05-08 16:53:37 - DECISION: reject, JOB_ID: 418772
2025-05-08 16:53:38 - DECISION: reject, JOB_ID: 418771
2025-05-08 16:53:40 - DECISION: reject, JOB_ID: 418767
2025-05-08 16:53:42 - DECISION: reject, JOB_ID: 418764
2025-05-08 16:53:42 - DECISION: reject, JOB_ID: 418762
2025-05-08 16:54:04 - DECISION: reject, JOB_ID: 418754
2025-05-08 16:54:05 - DECISION: reject, JOB_ID: 418743
2025-05-08 16:54:45 - DECISION: accept, JOB_ID: 418608
2025-05-08 16:54:47 - DECISION: reject, JOB_ID: 418614
2025-05-08 16:54:54 - DECISION: accept, JOB_ID: 418600
2025-05-08 16:55:16 - DECISION: accept, JOB_ID: 418598
2025-05-08 16:55:24 - DECISION: reject, JOB_ID: 418596
2025-05-08 16:55:44 - DECISION: accept, JOB_ID: 418588
2025-05-08 16:56:15 - DECISION: reject, JOB_ID: 418586
2025-05-08 17:28:27 - DECISION: reject, JOB_ID: 418850
2025-05-08 17:28:34 - DECISION: accept, JOB_ID: 418767
2025-05-08 17:33:28 - DECISION: reject, JOB_ID: 418833
2025-05-08 17:33:29 - DECISION: reject, JOB_ID: 418754
2025-05-08 17:33:30 - DECISION: reject, JOB_ID: 418718
2025-05-08 17:33:31 - DECISION: reject, JOB_ID: 418850
2025-05-08 17:33:32 - DECISION: reject, JOB_ID: 418717
2025-05-08 17:33:34 - DECISION: reject, JOB_ID: 418713
2025-05-08 17:33:40 - DECISION: reject, JOB_ID: 418704
2025-05-08 17:33:41 - DECISION: accept, JOB_ID: 418697
2025-05-08 17:36:51 - DECISION: accept, JOB_ID: 418697
2025-05-08 17:38:15 - DECISION: accept, JOB_ID: 418767
2025-05-08 17:41:33 - DECISION: reject, JOB_ID: 418771
2025-05-08 17:41:35 - DECISION: reject, JOB_ID: 418767
2025-05-08 17:41:36 - DECISION: reject, JOB_ID: 418754
2025-05-08 17:41:37 - DECISION: reject, JOB_ID: 418718
2025-05-08 17:41:38 - DECISION: reject, JOB_ID: 418717
2025-05-08 17:41:39 - DECISION: reject, JOB_ID: 418713
2025-05-08 17:41:43 - DECISION: reject, JOB_ID: 418704
2025-05-08 17:41:51 - DECISION: accept, JOB_ID: 418686
2025-05-08 17:43:44 - DECISION: reject, JOB_ID: 418850
2025-05-08 17:43:47 - DECISION: reject, JOB_ID: 418767
2025-05-08 17:43:48 - DECISION: reject, JOB_ID: 418754
2025-05-08 17:43:49 - DECISION: reject, JOB_ID: 418718
2025-05-08 17:43:51 - DECISION: reject, JOB_ID: 418717
2025-05-08 17:43:53 - DECISION: reject, JOB_ID: 418713
2025-05-08 17:43:57 - DECISION: accept, JOB_ID: 418704
2025-05-08 17:44:06 - DECISION: accept, JOB_ID: 418697
2025-05-08 17:44:13 - DECISION: accept, JOB_ID: 418686
2025-05-08 17:45:55 - DECISION: reject, JOB_ID: 418754
2025-05-08 17:45:56 - DECISION: accept, JOB_ID: 418767
2025-05-08 17:57:23 - DECISION: reject, JOB_ID: 418771
2025-05-08 17:57:25 - DECISION: accept, JOB_ID: 418767
2025-05-08 18:09:59 - DECISION: accept, JOB_ID: 418767
2025-05-08 18:12:04 - DECISION: reject, JOB_ID: 418754
2025-05-08 18:12:05 - DECISION: reject, JOB_ID: 418704
2025-05-08 18:12:06 - DECISION: accept, JOB_ID: 418767
2025-05-08 18:14:05 - DECISION: accept, JOB_ID: 418767
2025-05-08 18:21:26 - DECISION: accept, JOB_ID: 418767
2025-05-08 18:24:01 - DECISION: reject, JOB_ID: 418771
2025-05-08 18:27:42 - DECISION: accept, JOB_ID: 418767
2025-05-08 18:27:43 - DECISION: accept, JOB_ID: 418598
2025-05-08 18:35:21 - DECISION: accept, JOB_ID: 418608
2025-05-08 18:35:24 - DECISION: reject, JOB_ID: 418569
2025-05-08 18:35:29 - DECISION: accept, JOB_ID: 418619
2025-05-08 18:36:15 - DECISION: accept, JOB_ID: 418686
2025-05-08 18:36:18 - DECISION: accept, JOB_ID: 418641
2025-05-08 18:36:22 - DECISION: accept, JOB_ID: 418582
2025-05-08 18:36:25 - DECISION: reject, JOB_ID: 418571
2025-05-08 18:36:26 - DECISION: reject, JOB_ID: 418684
2025-05-08 18:36:27 - DECISION: reject, JOB_ID: 418588
2025-05-08 18:37:33 - DECISION: reject, JOB_ID: 418556
2025-05-08 18:37:35 - DECISION: reject, JOB_ID: 418704
2025-05-08 18:37:37 - DECISION: reject, JOB_ID: 418653
2025-05-08 18:38:27 - DECISION: accept, JOB_ID: 418629
2025-05-08 18:38:29 - DECISION: reject, JOB_ID: 418614
2025-05-08 18:38:49 - DECISION: reject, JOB_ID: 418600
2025-05-08 18:38:54 - DECISION: reject, JOB_ID: 418596
2025-05-08 18:39:00 - DECISION: reject, JOB_ID: 418584
2025-05-08 18:39:01 - DECISION: reject, JOB_ID: 418583
2025-05-08 18:39:02 - DECISION: reject, JOB_ID: 418557
2025-05-08 18:39:03 - DECISION: accept, JOB_ID: 418697
2025-05-08 18:39:04 - DECISION: reject, JOB_ID: 418754
2025-05-08 18:39:18 - DECISION: reject, JOB_ID: 418570
2025-05-08 18:39:23 - DECISION: reject, JOB_ID: 418718
2025-05-08 18:39:24 - DECISION: reject, JOB_ID: 418578
2025-05-08 18:39:25 - DECISION: reject, JOB_ID: 418586
2025-05-08 18:39:28 - DECISION: reject, JOB_ID: 418717
2025-05-08 18:39:29 - DECISION: reject, JOB_ID: 418713
2025-05-08 18:39:30 - DECISION: accept, JOB_ID: 418568
2025-05-08 18:39:33 - DECISION: reject, JOB_ID: 418563
2025-05-09 11:19:10 - DECISION: reject, JOB_ID: 418767
2025-05-09 11:19:12 - DECISION: accept, JOB_ID: 418912
2025-05-09 11:20:39 - DECISION: accept, JOB_ID: 418912
2025-05-09 11:21:15 - DECISION: accept, JOB_ID: 418771
2025-05-09 11:21:49 - DECISION: accept, JOB_ID: 418879
2025-05-09 11:22:48 - DECISION: accept, JOB_ID: 418912
2025-05-09 11:33:48 - DECISION: reject, JOB_ID: 418833
2025-05-09 11:33:49 - DECISION: reject, JOB_ID: 418819
2025-05-09 11:34:04 - DECISION: accept, JOB_ID: 418811
2025-05-09 11:37:27 - DECISION: reject, JOB_ID: 418771
2025-05-09 11:37:33 - DECISION: accept, JOB_ID: 418799
2025-05-09 11:47:56 - DECISION: reject, JOB_ID: 418833
2025-05-09 11:47:57 - DECISION: reject, JOB_ID: 418819
2025-05-09 11:48:00 - DECISION: reject, JOB_ID: 418812
2025-05-09 11:48:01 - DECISION: reject, JOB_ID: 418879
2025-05-09 11:48:02 - DECISION: accept, JOB_ID: 418811
2025-05-09 11:49:44 - DECISION: accept, JOB_ID: 418799
2025-05-09 11:58:12 - DECISION: reject, JOB_ID: 418771
2025-05-09 11:58:17 - DECISION: reject, JOB_ID: 418754
2025-05-09 11:58:18 - DECISION: reject, JOB_ID: 418718
2025-05-09 11:58:22 - DECISION: reject, JOB_ID: 418717
2025-05-09 11:58:23 - DECISION: reject, JOB_ID: 418713
2025-05-09 11:58:25 - DECISION: reject, JOB_ID: 418704
2025-05-09 11:58:29 - DECISION: accept, JOB_ID: 418697
2025-05-09 12:00:17 - DECISION: accept, JOB_ID: 418771
2025-05-09 12:01:57 - DECISION: accept, JOB_ID: 418771
2025-05-09 12:03:14 - DECISION: accept, JOB_ID: 418754
2025-05-09 12:06:13 - DECISION: accept, JOB_ID: 418718
2025-05-09 12:19:57 - DECISION: accept, JOB_ID: 418717
2025-05-09 12:26:17 - DECISION: reject, JOB_ID: 418879
2025-05-09 12:26:19 - DECISION: accept, JOB_ID: 418833
2025-05-09 12:28:05 - DECISION: accept, JOB_ID: 418697
2025-05-09 15:15:18 - DECISION: reject, JOB_ID: 419068
2025-05-09 15:15:26 - DECISION: accept, JOB_ID: 419035
2025-05-09 15:15:56 - DECISION: accept, JOB_ID: 418865
2025-05-09 15:17:48 - DECISION: accept, JOB_ID: 419068
2025-05-09 15:19:09 - DECISION: accept, JOB_ID: 419068
2025-05-09 15:21:58 - DECISION: accept, JOB_ID: 419068
2025-05-09 15:25:03 - DECISION: accept, JOB_ID: 419068
2025-05-09 19:14:55 - DECISION: accept, JOB_ID: 419083
2025-05-09 19:16:31 - DECISION: accept, JOB_ID: 419083
2025-05-09 19:16:44 - DECISION: accept, JOB_ID: 419081
2025-05-09 19:30:13 - DECISION: reject, JOB_ID: 419083
2025-05-09 19:30:15 - DECISION: reject, JOB_ID: 418865
2025-05-09 19:30:16 - DECISION: accept, JOB_ID: 418864
